0 info it worked if it ends with ok
1 verbose cli [ 'C:\\Program Files\\nodejs\\node.exe',
1 verbose cli   'C:\\Users\\andy\\AppData\\Roaming\\npm\\node_modules\\npm\\bin\\npm-cli.js',
1 verbose cli   'run',
1 verbose cli   'build' ]
2 info using npm@3.10.8
3 info using node@v4.4.7
4 verbose run-script [ 'prebuild', 'build', 'postbuild' ]
5 info lifecycle yasoonNodeBackend@0.1.0~prebuild: yasoonNodeBackend@0.1.0
6 silly lifecycle yasoonNodeBackend@0.1.0~prebuild: no script for prebuild, continuing
7 info lifecycle yasoonNodeBackend@0.1.0~build: yasoonNodeBackend@0.1.0
8 verbose lifecycle yasoonNodeBackend@0.1.0~build: unsafe-perm in lifecycle true
9 verbose lifecycle yasoonNodeBackend@0.1.0~build: PATH: C:\Users\andy\AppData\Roaming\npm\node_modules\npm\bin\node-gyp-bin;C:\Users\andy\Documents\yasoonCode\com.yasoon.jira\node_modules\.bin;C:\Program Files\Python27\;C:\Program Files\Python27\Scripts;C:\ProgramData\Oracle\Java\javapath;C:\Program Files (x86)\Intel\iCLS Client\;C:\Program Files\Intel\iCLS Client\;C:\WINDOWS\system32;C:\WINDOWS;C:\WINDOWS\System32\Wbem;C:\WINDOWS\System32\WindowsPowerShell\v1.0\;C:\Program Files (x86)\Intel\Intel(R) Management Engine Components\DAL;C:\Program Files\Intel\Intel(R) Management Engine Components\DAL;C:\Program Files (x86)\Intel\Intel(R) Management Engine Components\IPT;C:\Program Files\Intel\Intel(R) Management Engine Components\IPT;C:\Program Files\Intel\WiFi\bin\;C:\Program Files\Common Files\Intel\WirelessCommon\;C:\Program Files (x86)\Windows Kits\8.1\Windows Performance Toolkit\;C:\Program Files\Microsoft SQL Server\110\Tools\Binn\;C:\Program Files\Microsoft SQL Server\120\Tools\Binn\;C:\Program Files\Git\cmd;C:\Program Files (x86)\Skype\Phone\;C:\Program Files (x86)\GitExtensions\;C:\Program Files\nodejs\;C:\Program Files\Microsoft\Web Platform Installer\;C:\Program Files (x86)\Microsoft VS Code\bin;C:\Users\andy\AppData\Roaming\npm;C:\Program Files\wkhtmltopdf\bin;C:\Program Files\Python27;C:\Program Files\PostgreSQL\9.5\bin;C:\Program Files\OpenSSL-Win64\bin;C:\Users\andy\AppData\Local\Microsoft\WindowsApps;C:\Applications\Atlassian\atlassian-plugin-sdk-6.2.9\bin;C:\Program Files\Java\jdk1.8.0_101
10 verbose lifecycle yasoonNodeBackend@0.1.0~build: CWD: C:\Users\andy\Documents\yasoonCode\com.yasoon.jira
11 silly lifecycle yasoonNodeBackend@0.1.0~build: Args: [ '/d /s /c', 'handlebars' ]
12 silly lifecycle yasoonNodeBackend@0.1.0~build: Returned: code: 1  signal: null
13 info lifecycle yasoonNodeBackend@0.1.0~build: Failed to exec build script
14 verbose stack Error: yasoonNodeBackend@0.1.0 build: `handlebars`
14 verbose stack Exit status 1
14 verbose stack     at EventEmitter.<anonymous> (C:\Users\andy\AppData\Roaming\npm\node_modules\npm\lib\utils\lifecycle.js:255:16)
14 verbose stack     at emitTwo (events.js:87:13)
14 verbose stack     at EventEmitter.emit (events.js:172:7)
14 verbose stack     at ChildProcess.<anonymous> (C:\Users\andy\AppData\Roaming\npm\node_modules\npm\lib\utils\spawn.js:40:14)
14 verbose stack     at emitTwo (events.js:87:13)
14 verbose stack     at ChildProcess.emit (events.js:172:7)
14 verbose stack     at maybeClose (internal/child_process.js:827:16)
14 verbose stack     at Process.ChildProcess._handle.onexit (internal/child_process.js:211:5)
15 verbose pkgid yasoonNodeBackend@0.1.0
16 verbose cwd C:\Users\andy\Documents\yasoonCode\com.yasoon.jira
17 error Windows_NT 10.0.14393
18 error argv "C:\\Program Files\\nodejs\\node.exe" "C:\\Users\\andy\\AppData\\Roaming\\npm\\node_modules\\npm\\bin\\npm-cli.js" "run" "build"
19 error node v4.4.7
20 error npm  v3.10.8
21 error code ELIFECYCLE
22 error yasoonNodeBackend@0.1.0 build: `handlebars`
22 error Exit status 1
23 error Failed at the yasoonNodeBackend@0.1.0 build script 'handlebars'.
23 error Make sure you have the latest version of node.js and npm installed.
23 error If you do, this is most likely a problem with the yasoonNodeBackend package,
23 error not with npm itself.
23 error Tell the author that this fails on your system:
23 error     handlebars
23 error You can get information on how to open an issue for this project with:
23 error     npm bugs yasoonNodeBackend
23 error Or if that isn't available, you can get their info via:
23 error     npm owner ls yasoonNodeBackend
23 error There is likely additional logging output above.
24 verbose exit [ 1, true ]
